Oct 01, 2024 10:19:24 AM utils.javautils.BaseUtils logStep
INFO: Enter Username
Oct 01, 2024 10:19:26 AM utils.javautils.BaseUtils logStep
INFO: Username field is enabled -- assertTrue(true)
Oct 01, 2024 10:19:26 AM utils.javautils.BaseUtils logStep
INFO: Enter password
Oct 01, 2024 10:19:26 AM utils.javautils.BaseUtils logStep
INFO: password field is enabled -- assertTrue(true)
Oct 01, 2024 10:19:26 AM utils.javautils.BaseUtils logStep
INFO: the user enters the password {string}
Oct 01, 2024 10:19:26 AM utils.javautils.BaseUtils logStep
INFO: Click on the Login Button
Oct 01, 2024 10:19:26 AM utils.javautils.BaseUtils logStep
INFO: Login Button is enabled -- assertTrue(true)
Oct 01, 2024 10:19:27 AM utils.javautils.BaseUtils logStep
INFO: Document is in ready state.
Oct 01, 2024 10:19:27 AM utils.javautils.BaseUtils logStep
INFO: All React or other asynchronous tasks are complete.
Oct 01, 2024 10:19:29 AM utils.javautils.BaseUtils logStep
INFO: UI has fully loaded.
Oct 01, 2024 10:19:29 AM utils.javautils.BaseUtils logStep
INFO: User Logged in successfully -- assertTrue(true)
Oct 01, 2024 10:28:35 AM utils.javautils.BaseUtils logStep
INFO: Enter Username
Oct 01, 2024 10:28:37 AM utils.javautils.BaseUtils logStep
INFO: Username field is enabled -- assertTrue(true)
Oct 01, 2024 10:28:37 AM utils.javautils.BaseUtils logStep
INFO: Enter password
Oct 01, 2024 10:28:37 AM utils.javautils.BaseUtils logStep
INFO: password field is enabled -- assertTrue(true)
Oct 01, 2024 10:28:37 AM utils.javautils.BaseUtils logStep
INFO: the user enters the password {string}
Oct 01, 2024 10:28:37 AM utils.javautils.BaseUtils logStep
INFO: Click on the Login Button
Oct 01, 2024 10:28:38 AM utils.javautils.BaseUtils logStep
INFO: Login Button is enabled -- assertTrue(true)
Oct 01, 2024 10:28:38 AM utils.javautils.BaseUtils logStep
INFO: Document is in ready state.
Oct 01, 2024 10:28:38 AM utils.javautils.BaseUtils logStep
INFO: All React or other asynchronous tasks are complete.
Oct 01, 2024 10:28:40 AM utils.javautils.BaseUtils logStep
INFO: UI has fully loaded.
Oct 01, 2024 10:28:40 AM utils.javautils.BaseUtils logStep
INFO: User Logged in successfully -- assertTrue(true)
Oct 01, 2024 10:28:51 AM utils.javautils.BaseUtils logStep
INFO: Enter Username
Oct 01, 2024 10:28:54 AM utils.javautils.BaseUtils logStep
INFO: Username field is enabled -- assertTrue(true)
Oct 01, 2024 10:28:54 AM utils.javautils.BaseUtils logStep
INFO: Enter password
Oct 01, 2024 10:28:54 AM utils.javautils.BaseUtils logStep
INFO: password field is enabled -- assertTrue(true)
Oct 01, 2024 10:28:54 AM utils.javautils.BaseUtils logStep
INFO: the user enters the password {string}
Oct 01, 2024 10:28:55 AM utils.javautils.BaseUtils logStep
INFO: Click on the Login Button
Oct 01, 2024 10:28:55 AM utils.javautils.BaseUtils logStep
INFO: Login Button is enabled -- assertTrue(true)
Oct 01, 2024 10:28:55 AM utils.javautils.BaseUtils logStep
INFO: Document is in ready state.
Oct 01, 2024 10:28:55 AM utils.javautils.BaseUtils logStep
INFO: All React or other asynchronous tasks are complete.
Oct 01, 2024 10:28:57 AM utils.javautils.BaseUtils logStep
INFO: UI has fully loaded.
Oct 01, 2024 10:28:57 AM utils.javautils.BaseUtils logStep
INFO: User Logged in successfully -- assertTrue(true)
Oct 01, 2024 10:29:08 AM utils.javautils.BaseUtils logStep
INFO: Enter Username
Oct 01, 2024 10:29:10 AM utils.javautils.BaseUtils logStep
INFO: Username field is enabled -- assertTrue(true)
Oct 01, 2024 10:29:10 AM utils.javautils.BaseUtils logStep
INFO: Enter password
Oct 01, 2024 10:29:10 AM utils.javautils.BaseUtils logStep
INFO: password field is enabled -- assertTrue(true)
Oct 01, 2024 10:29:10 AM utils.javautils.BaseUtils logStep
INFO: the user enters the password {string}
Oct 01, 2024 10:29:11 AM utils.javautils.BaseUtils logStep
INFO: Click on the Login Button
Oct 01, 2024 10:29:11 AM utils.javautils.BaseUtils logStep
INFO: Login Button is enabled -- assertTrue(true)
Oct 01, 2024 10:29:11 AM utils.javautils.BaseUtils logStep
INFO: Document is in ready state.
Oct 01, 2024 10:29:11 AM utils.javautils.BaseUtils logStep
INFO: All React or other asynchronous tasks are complete.
Oct 01, 2024 10:29:13 AM utils.javautils.BaseUtils logStep
INFO: UI has fully loaded.
Oct 01, 2024 10:29:13 AM utils.javautils.BaseUtils logStep
INFO: User Logged in successfully -- assertTrue(true)
Oct 01, 2024 10:29:25 AM utils.javautils.BaseUtils logStep
INFO: Enter Username
Oct 01, 2024 10:29:27 AM utils.javautils.BaseUtils logStep
INFO: Username field is enabled -- assertTrue(true)
Oct 01, 2024 10:29:27 AM utils.javautils.BaseUtils logStep
INFO: Enter password
Oct 01, 2024 10:29:27 AM utils.javautils.BaseUtils logStep
INFO: password field is enabled -- assertTrue(true)
Oct 01, 2024 10:29:27 AM utils.javautils.BaseUtils logStep
INFO: the user enters the password {string}
Oct 01, 2024 10:29:28 AM utils.javautils.BaseUtils logStep
INFO: Click on the Login Button
Oct 01, 2024 10:29:28 AM utils.javautils.BaseUtils logStep
INFO: Login Button is enabled -- assertTrue(true)
Oct 01, 2024 10:29:28 AM utils.javautils.BaseUtils logStep
INFO: Document is in ready state.
Oct 01, 2024 10:29:28 AM utils.javautils.BaseUtils logStep
INFO: All React or other asynchronous tasks are complete.
Oct 01, 2024 10:29:30 AM utils.javautils.BaseUtils logStep
INFO: UI has fully loaded.
Oct 01, 2024 10:29:30 AM utils.javautils.BaseUtils logStep
INFO: User Logged in successfully -- assertTrue(true)
Oct 07, 2024 12:28:05 PM utils.javautils.BaseUtils logStep
INFO: Running the Test SuiteTest Suite
Oct 08, 2024 11:18:11 AM utils.javautils.BaseUtils logStep
INFO: Current working directory: D:\Automation Frameworks\TestNG\TestNGAutomationFramework
Oct 08, 2024 3:45:23 PM utils.javautils.BaseUtils logStep
INFO: Current working directory: D:\Automation Frameworks\TestNG\TestNGAutomationFramework
Oct 09, 2024 10:23:53 AM utils.javautils.BaseUtils logStep
INFO: Current working directory: D:\Automation Frameworks\TestNG\TestNGAutomationFramework
Oct 09, 2024 10:26:25 AM utils.javautils.BaseUtils logStep
INFO: Current working directory: D:\Automation Frameworks\TestNG\TestNGAutomationFramework
Oct 09, 2024 10:29:20 AM utils.javautils.BaseUtils logStep
INFO: Current working directory: D:\Automation Frameworks\TestNG\TestNGAutomationFramework
Oct 09, 2024 11:02:21 AM utils.javautils.BaseUtils logStep
INFO: Current working directory: D:\Automation Frameworks\TestNG\TestNGAutomationFramework
Oct 09, 2024 11:04:06 AM utils.javautils.BaseUtils logStep
INFO: Current working directory: D:\Automation Frameworks\TestNG\TestNGAutomationFramework
Oct 09, 2024 11:07:33 AM utils.javautils.BaseUtils logStep
INFO: Current working directory: D:\Automation Frameworks\TestNG\TestNGAutomationFramework
Oct 09, 2024 11:08:48 AM utils.javautils.BaseUtils logStep
INFO: Current working directory: D:\Automation Frameworks\TestNG\TestNGAutomationFramework
Oct 09, 2024 11:13:10 AM utils.javautils.BaseUtils logStep
INFO: Current working directory: D:\Automation Frameworks\TestNG\TestNGAutomationFramework
Oct 09, 2024 11:15:25 AM utils.javautils.BaseUtils logStep
INFO: Current working directory: D:\Automation Frameworks\TestNG\TestNGAutomationFramework
Oct 09, 2024 11:34:21 AM utils.javautils.BaseUtils logStep
INFO: Current working directory: D:\Automation Frameworks\TestNG\TestNGAutomationFramework
Oct 09, 2024 11:36:52 AM utils.javautils.BaseUtils logStep
INFO: Current working directory: D:\Automation Frameworks\TestNG\TestNGAutomationFramework
Oct 09, 2024 11:38:43 AM utils.javautils.BaseUtils logStep
INFO: Current working directory: D:\Automation Frameworks\TestNG\TestNGAutomationFramework
Oct 09, 2024 2:39:39 PM utils.javautils.BaseUtils logStep
INFO: Current working directory: D:\Automation Frameworks\TestNG\TestNGAutomationFramework
Oct 09, 2024 2:43:59 PM utils.javautils.BaseUtils logStep
INFO: Current working directory: D:\Automation Frameworks\TestNG\TestNGAutomationFramework
